[   38971ms] [ERROR] Failed to load resource: the server responded with a status of 500 () @ https://gw-front.wconcept.co.kr/display/api/best/v1/product:0
[  168800ms] [ERROR] Failed to load resource: the server responded with a status of 403 () @ https://www.wconcept.co.kr/Product/302327247:0
[  181658ms] [ERROR] Failed to load resource: the server responded with a status of 403 () @ https://www.wconcept.co.kr/Product/302327247:0
[  205757ms] [ERROR] Access to fetch at 'https://gw-front.wconcept.co.kr/display/api/review/v1/product/302327247' from origin 'https://display.wconcept.co.kr' has been blocked by CORS policy: Response to preflight request doesn't pass access control check: It does not have HTTP ok status. @ https://display.wconcept.co.kr/rn/best:0
[  205758ms] [ERROR] Failed to load resource: net::ERR_FAILED @ https://gw-front.wconcept.co.kr/display/api/review/v1/product/302327247:0
[  205777ms] [ERROR] Access to fetch at 'https://gw-front.wconcept.co.kr/display/api/review/v1/list?itemCd=302327247' from origin 'https://display.wconcept.co.kr' has been blocked by CORS policy: Response to preflight request doesn't pass access control check: It does not have HTTP ok status. @ https://display.wconcept.co.kr/rn/best:0
[  205778ms] [ERROR] Failed to load resource: net::ERR_FAILED @ https://gw-front.wconcept.co.kr/display/api/review/v1/list?itemCd=302327247:0
[  205798ms] [ERROR] Access to fetch at 'https://gw-front.wconcept.co.kr/display/api/review/v1/302327247' from origin 'https://display.wconcept.co.kr' has been blocked by CORS policy: Response to preflight request doesn't pass access control check: It does not have HTTP ok status. @ https://display.wconcept.co.kr/rn/best:0
[  205799ms] [ERROR] Failed to load resource: net::ERR_FAILED @ https://gw-front.wconcept.co.kr/display/api/review/v1/302327247:0
[  205822ms] [ERROR] Access to fetch at 'https://gw-front.wconcept.co.kr/display/api/review/v1/list' from origin 'https://display.wconcept.co.kr' has been blocked by CORS policy: Response to preflight request doesn't pass access control check: It does not have HTTP ok status. @ https://display.wconcept.co.kr/rn/best:0
[  205822ms] [ERROR] Failed to load resource: net::ERR_FAILED @ https://gw-front.wconcept.co.kr/display/api/review/v1/list:0
[  220699ms] [ERROR] Failed to load resource: the server responded with a status of 403 () @ https://www.wconcept.co.kr/Product/302327247:0
[  239860ms] [ERROR] Access to XMLHttpRequest at 'https://wa.appsflyer.com/events?site-id=4e1c9bbd-85c6-467a-9fc9-02e8693ad65b' from origin 'https://display.wconcept.co.kr' has been blocked by CORS policy: Request header field upgrade-insecure-requests is not allowed by Access-Control-Allow-Headers in preflight response. @ https://display.wconcept.co.kr/rn/best:0
[  239860ms] [ERROR] Failed to load resource: net::ERR_FAILED @ https://wa.appsflyer.com/events?site-id=4e1c9bbd-85c6-467a-9fc9-02e8693ad65b:0
[  239876ms] [ERROR] Access to fetch at 'https://pixelfnt-us.dsp-api.moloco.com/v1/pixels/moloco/events?pixel_id=nxt-squidpxl' from origin 'https://display.wconcept.co.kr' has been blocked by CORS policy: Request header field upgrade-insecure-requests is not allowed by Access-Control-Allow-Headers in preflight response. @ https://display.wconcept.co.kr/rn/best:0
[  239877ms] [ERROR] Failed to load resource: net::ERR_FAILED @ https://pixelfnt-us.dsp-api.moloco.com/v1/pixels/moloco/events?pixel_id=nxt-squidpxl:0
[  239878ms] [ERROR] Access to fetch at 'https://bc.ad.daum.net/bc?d=%7B%22track_id%22%3A%224785664593446063564%22%2C%22event_code%22%3A%22PageView%22%2C%22params%22%3A%7B%7D%2C%22props%22%3A%7B%22lmt%22%3A%22N%22%7D%2C%22site%22%3A%7B%22identifier%22%3A%22display.wconcept.co.kr%22%7D%2C%22sdk%22%3A%7B%22type%22%3A%22WEB%22%2C%22version%22%3A%221.6.4%22%2C%22tpc%22%3A%22Y%22%7D%2C%22page%22%3A%7B%22url%22%3A%22https%3A%2F%2Fdisplay.wconcept.co.kr%2Frn%2Fbest%22%2C%22is_frame_env%22%3Afalse%7D%2C%22device%22%3A%7B%22dnt%22%3A%22N%22%2C%22device_type%22%3A%22pc%22%2C%22is_mobile%22%3A%22N%22%2C%22browser%22%3A%22Google%20Chrome%22%2C%22browser_version%22%3A%22144.0.7559.132%22%2C%22os%22%3A%22macOS%22%2C%22os_version%22%3A%2226.2.0%22%7D%7D' from origin 'https://display.wconcept.co.kr' has been blocked by CORS policy: Response to preflight request doesn't pass access control check: No 'Access-Control-Allow-Origin' header is present on the requested resource. @ https://display.wconcept.co.kr/rn/best:0
[  239878ms] [ERROR] Failed to load resource: net::ERR_FAILED @ https://bc.ad.daum.net/bc?d=%7B%22track_id%22%3A%224785664593446063564%22%2C%22event_code%22%3A%22PageView%22%2C%22params%22%3A%7B%7D%2C%22props%22%3A%7B%22lmt%22%3A%22N%22%7D%2C%22site%22%3A%7B%22identifier%22%3A%22display.wconcept.co.kr%22%7D%2C%22sdk%22%3A%7B%22type%22%3A%22WEB%22%2C%22version%22%3A%221.6.4%22%2C%22tpc%22%3A%22Y%22%7D%2C%22page%22%3A%7B%22url%22%3A%22https%3A%2F%2Fdisplay.wconcept.co.kr%2Frn%2Fbest%22%2C%22is_frame_env%22%3Afalse%7D%2C%22device%22%3A%7B%22dnt%22%3A%22N%22%2C%22device_type%22%3A%22pc%22%2C%22is_mobile%22%3A%22N%22%2C%22browser%22%3A%22Google%20Chrome%22%2C%22browser_version%22%3A%22144.0.7559.132%22%2C%22os%22%3A%22macOS%22%2C%22os_version%22%3A%2226.2.0%22%7D%7D:0
[  239879ms] [ERROR] Access to XMLHttpRequest at 'https://aem-kakao-collector.onkakao.net/api/3307/store/?sentry_version=7&sentry_key=974753e2fca1433689ce92827ec28203' from origin 'https://display.wconcept.co.kr' has been blocked by CORS policy: Request header field upgrade-insecure-requests is not allowed by Access-Control-Allow-Headers in preflight response. @ https://display.wconcept.co.kr/rn/best:0
[  239880ms] [ERROR] Failed to load resource: net::ERR_FAILED @ https://aem-kakao-collector.onkakao.net/api/3307/store/?sentry_version=7&sentry_key=974753e2fca1433689ce92827ec28203:0
